\BOOKMARK [0][-]{Desky.0}{Desky}{}% 1
\BOOKMARK [0][-]{Titulni strana.0}{Tituln\355\040strana}{}% 2
\BOOKMARK [0][-]{Bibliograficky zaznam.0}{Bibliografick\375\040z\341znam}{}% 3
\BOOKMARK [0][-]{Bibliographic Entry.0}{Bibliographic\040Entry}{}% 4
\BOOKMARK [0][-]{Abstrakt.0}{Abstrakt}{}% 5
\BOOKMARK [0][-]{Abstract.0}{Abstract}{}% 6
\BOOKMARK [0][-]{Oficialni zadani.0}{Ofici\341ln\355\040zad\341n\355}{}% 7
\BOOKMARK [0][-]{Podekovani.0}{\376\377\000P\000o\000d\001\033\000k\000o\000v\000\341\000n\000\355}{}% 8
\BOOKMARK [0][-]{Prohlaseni.0}{Prohl\341\235en\355}{}% 9
\BOOKMARK [0][-]{Obsah.0}{Obsah}{}% 10
\BOOKMARK [0][-]{chapter*.3}{\332vod}{}% 11
\BOOKMARK [0][-]{chapter*.4}{\376\377\000P\001\131\000e\000h\000l\000e\000d\000\040\000p\000o\000u\001\176\000i\000t\000\351\000h\000o\000\040\000z\000n\000a\001\015\000e\000n\000\355}{}% 12
\BOOKMARK [0][-]{chapter.1}{\376\377\000S\000m\000i\000t\000h\001\157\000v\000\040\000n\000o\000r\000m\000\341\000l\000n\000\355\000\040\000t\000v\000a\000r}{}% 13
\BOOKMARK [0][-]{chapter.2}{\376\377\000T\000r\000i\000a\000n\000g\000u\000l\000a\000r\000i\000z\000a\000c\000e\000\040\000c\000e\000l\000o\001\015\000\355\000s\000e\000l\000n\000\375\000c\000h\000\040\000m\000a\000t\000i\000c}{}% 14
\BOOKMARK [1][-]{section.2.1}{GCD\040redukce}{chapter.2}% 15
\BOOKMARK [1][-]{section.2.2}{Sloupcov\341\040redukce}{chapter.2}% 16
\BOOKMARK [1][-]{section.2.3}{RST\040algoritmus}{chapter.2}% 17
\BOOKMARK [0][-]{chapter.3}{\376\377\000V\000\375\000p\000o\001\015\000e\000t\000\040\000S\000m\000i\000t\000h\000o\000v\000a\000\040\000n\000o\000r\000m\000\341\000l\000n\000\355\000h\000o\000\040\000t\000v\000a\000r\000u\000\040\000t\000r\000o\000j\000\372\000h\000e\000l\000n\000\355\000k\000o\000v\000\375\000c\000h\000\040\000m\000a\000t\000i\000c}{}% 18
\BOOKMARK [1][-]{section.3.1}{\376\377\000H\000e\000r\000m\000i\000t\001\157\000v\000\040\000n\000o\000r\000m\000\341\000l\000n\000\355\000\040\000t\000v\000a\000r}{chapter.3}% 19
\BOOKMARK [1][-]{section.3.2}{Sloupcov\341\040eliminace}{chapter.3}% 20
\BOOKMARK [0][-]{chapter*.5}{\376\377\000Z\000\341\000v\001\033\000r}{}% 21
\BOOKMARK [0][-]{chapter*.6}{\376\377\000P\001\131\000\355\000l\000o\000h\000a}{}% 22
\BOOKMARK [0][-]{chapter*.7}{Seznam\040pou\236it\351\040literatury}{}% 23
